#
# There is insufficient memory for the Java Runtime Environment to continue.
# Native memory allocation (mmap) failed to map 143654912 bytes for committing reserved memory.
# Possible reasons:
#   The system is out of physical RAM or swap space
#   In 32 bit mode, the process size limit was hit
# Possible solutions:
#   Reduce memory load on the system
#   Increase physical memory or swap space
#   Check if swap backing store is full
#   Use 64 bit Java on a 64 bit OS
#   Decrease Java heap size (-Xmx/-Xms)
#   Decrease number of Java threads
#   Decrease Java thread stack sizes (-Xss)
#   Set larger code cache with -XX:ReservedCodeCacheSize=
# This output file may be truncated or incomplete.
#
#  Out of Memory Error (os_linux.cpp:2640), pid=12401, tid=0x00007fe99fcfc700
#
# JRE version: Java(TM) SE Runtime Environment (8.0_131-b11) (build 1.8.0_131-b11)
# Java VM: Java HotSpot(TM) 64-Bit Server VM (25.131-b11 mixed mode linux-amd64 compressed oops)
# Failed to write core dump. Core dumps have been disabled. To enable core dumping, try "ulimit -c unlimited" before starting Java again
#

---------------  T H R E A D  ---------------

Current thread (0x00007fe9b4073800):  VMThread [stack: 0x00007fe99fbfc000,0x00007fe99fcfd000] [id=12415]

Stack: [0x00007fe99fbfc000,0x00007fe99fcfd000],  sp=0x00007fe99fcfb140,  free space=1020k
Native frames: (J=compiled Java code, j=interpreted, Vv=VM code, C=native code)
V  [libjvm.so+0xac826a]  VMError::report_and_die()+0x2ba
V  [libjvm.so+0x4fd4cb]  report_vm_out_of_memory(char const*, int, unsigned long, VMErrorType, char const*)+0x8b
V  [libjvm.so+0x924f53]  os::Linux::commit_memory_impl(char*, unsigned long, bool)+0x103
V  [libjvm.so+0x9254a9]  os::pd_commit_memory(char*, unsigned long, unsigned long, bool)+0x29
V  [libjvm.so+0x91f6ca]  os::commit_memory(char*, unsigned long, unsigned long, bool)+0x2a
V  [libjvm.so+0x9941e3]  PSVirtualSpace::expand_by(unsigned long)+0x53
V  [libjvm.so+0x9955e8]  PSYoungGen::resize_generation(unsigned long, unsigned long)+0xf8
V  [libjvm.so+0x994742]  PSYoungGen::resize(unsigned long, unsigned long)+0x22
V  [libjvm.so+0x991a1b]  PSScavenge::invoke_no_policy()+0xf3b
V  [libjvm.so+0x98ccc5]  PSParallelCompact::invoke(bool)+0x85
V  [libjvm.so+0x483f14]  CollectedHeap::collect_as_vm_thread(GCCause::Cause)+0x114
V  [libjvm.so+0xac96e1]  VM_CollectForMetadataAllocation::doit()+0x161
V  [libjvm.so+0xad1765]  VM_Operation::evaluate()+0x55
V  [libjvm.so+0xacfb3a]  VMThread::evaluate_operation(VM_Operation*)+0xba
V  [libjvm.so+0xacfebe]  VMThread::loop()+0x1ce
V  [libjvm.so+0xad0330]  VMThread::run()+0x70
V  [libjvm.so+0x927568]  java_start(Thread*)+0x108

VM_Operation (0x00007fe9bda61200): CollectForMetadataAllocation, mode: safepoint, requested by thread 0x00007fe9b400a000


---------------  P R O C E S S  ---------------

Java Threads: ( => current thread )
  0x00007fe9b40ba800 JavaThread "Service Thread" daemon [_thread_blocked, id=12421, stack(0x00007fe99f46d000,0x00007fe99f56e000)]
  0x00007fe9b40b7800 JavaThread "C1 CompilerThread1" daemon [_thread_blocked, id=12420, stack(0x00007fe99f56e000,0x00007fe99f66f000)]
  0x00007fe9b40b5000 JavaThread "C2 CompilerThread0" daemon [_thread_blocked, id=12419, stack(0x00007fe99f66f000,0x00007fe99f770000)]
  0x00007fe9b40b3800 JavaThread "Signal Dispatcher" daemon [_thread_blocked, id=12418, stack(0x00007fe99f770000,0x00007fe99f871000)]
  0x00007fe9b4080000 JavaThread "Finalizer" daemon [_thread_blocked, id=12417, stack(0x00007fe99f9fa000,0x00007fe99fafb000)]
  0x00007fe9b407b800 JavaThread "Reference Handler" daemon [_thread_blocked, id=12416, stack(0x00007fe99fafb000,0x00007fe99fbfc000)]
  0x00007fe9b400a000 JavaThread "main" [_thread_blocked, id=12412, stack(0x00007fe9bd964000,0x00007fe9bda65000)]

Other Threads:
=>0x00007fe9b4073800 VMThread [stack: 0x00007fe99fbfc000,0x00007fe99fcfd000] [id=12415]
  0x00007fe9b40bd800 WatcherThread [stack: 0x00007fe99f36c000,0x00007fe99f46d000] [id=12422]

VM state:at safepoint (normal execution)

VM Mutex/Monitor currently owned by a thread:  ([mutex/lock_event])
[0x00007fe9b4006050] Threads_lock - owner thread: 0x00007fe9b4073800
[0x00007fe9b4006550] Heap_lock - owner thread: 0x00007fe9b400a000

Heap:
 PSYoungGen      total 134656K, used 7672K [0x00000000eb600000, 0x00000000f4100000, 0x0000000100000000)
  eden space 126976K, 0% used [0x00000000eb600000,0x00000000eb600000,0x00000000f3200000)
  from space 7680K, 99% used [0x00000000f3200000,0x00000000f397e308,0x00000000f3980000)
  to   space 7680K, 0% used [0x00000000f3980000,0x00000000f3980000,0x00000000f4100000)
 ParOldGen       total 42496K, used 21449K [0x00000000c2200000, 0x00000000c4b80000, 0x00000000eb600000)
  object space 42496K, 50% used [0x00000000c2200000,0x00000000c36f2478,0x00000000c4b80000)
 Metaspace       used 20654K, capacity 21226K, committed 21296K, reserved 1069056K
  class space    used 2442K, capacity 2562K, committed 2608K, reserved 1048576K

Card table byte_map: [0x00007fe9ba514000,0x00007fe9ba704000] byte_map_base: 0x00007fe9b9f03000

Marking Bits: (ParMarkBitMap*) 0x00007fe9bce27f60
 Begin Bits: [0x00007fe9b82d8000, 0x00007fe9b9250000)
 End Bits:   [0x00007fe9b9250000, 0x00007fe9ba1c8000)

Polling page: 0x00007fe9bda74000

CodeCache: size=245760Kb used=10446Kb max_used=10456Kb free=235313Kb
 bounds [0x00007fe9a5000000, 0x00007fe9a5a40000, 0x00007fe9b4000000]
 total_blobs=3735 nmethods=3383 adapters=265
 compilation: enabled

Compilation events (10 events):
Event: 3.764 Thread 0x00007fe9b40b7800 3382       3       java.lang.Class::searchFields (41 bytes)
Event: 3.764 Thread 0x00007fe9b40b7800 nmethod 3382 0x00007fe9a5a374d0 code [0x00007fe9a5a376e0, 0x00007fe9a5a38068]
Event: 3.764 Thread 0x00007fe9b40b7800 3383       3       java.lang.Class::searchMethods (90 bytes)
Event: 3.765 Thread 0x00007fe9b40b7800 nmethod 3383 0x00007fe9a5a38510 code [0x00007fe9a5a38760, 0x00007fe9a5a396d8]
Event: 3.765 Thread 0x00007fe9b40b7800 3384       3       java.lang.Class$MethodArray::<init> (38 bytes)
Event: 3.765 Thread 0x00007fe9b40b7800 nmethod 3384 0x00007fe9a5a39dd0 code [0x00007fe9a5a39f60, 0x00007fe9a5a3a2c8]
Event: 3.765 Thread 0x00007fe9b40b5000 nmethod 3379 0x00007fe9a5a14090 code [0x00007fe9a5a141e0, 0x00007fe9a5a14378]
Event: 3.765 Thread 0x00007fe9b40b5000 3381 % !   4       java.util.concurrent.ConcurrentHashMap::transfer @ 99 (832 bytes)
Event: 3.767 Thread 0x00007fe9b40b7800 3385       3       java.util.ArrayDeque::addLast (53 bytes)
Event: 3.768 Thread 0x00007fe9b40b7800 nmethod 3385 0x00007fe9a5a3ca10 code [0x00007fe9a5a3cba0, 0x00007fe9a5a3cfb8]

GC Heap History (10 events):
Event: 0.637 GC heap after
Heap after GC invocations=2 (full 0):
 PSYoungGen      total 34304K, used 2542K [0x00000000eb600000, 0x00000000eda00000, 0x0000000100000000)
  eden space 31744K, 0% used [0x00000000eb600000,0x00000000eb600000,0x00000000ed500000)
  from space 2560K, 99% used [0x00000000ed780000,0x00000000ed9fbbc0,0x00000000eda00000)
  to   space 2560K, 0% used [0x00000000ed500000,0x00000000ed500000,0x00000000ed780000)
 ParOldGen       total 42496K, used 1222K [0x00000000c2200000, 0x00000000c4b80000, 0x00000000eb600000)
  object space 42496K, 2% used [0x00000000c2200000,0x00000000c2331ad8,0x00000000c4b80000)
 Metaspace       used 8021K, capacity 8168K, committed 8320K, reserved 1056768K
  class space    used 1010K, capacity 1082K, committed 1152K, reserved 1048576K
}
Event: 1.095 GC heap before
{Heap before GC invocations=3 (full 0):
 PSYoungGen      total 34304K, used 34286K [0x00000000eb600000, 0x00000000eda00000, 0x0000000100000000)
  eden space 31744K, 100% used [0x00000000eb600000,0x00000000ed500000,0x00000000ed500000)
  from space 2560K, 99% used [0x00000000ed780000,0x00000000ed9fbbc0,0x00000000eda00000)
  to   space 2560K, 0% used [0x00000000ed500000,0x00000000ed500000,0x00000000ed780000)
 ParOldGen       total 42496K, used 1222K [0x00000000c2200000, 0x00000000c4b80000, 0x00000000eb600000)
  object space 42496K, 2% used [0x00000000c2200000,0x00000000c2331ad8,0x00000000c4b80000)
 Metaspace       used 11589K, capacity 11748K, committed 12032K, reserved 1060864K
  class space    used 1432K, capacity 1504K, committed 1536K, reserved 1048576K
Event: 1.102 GC heap after
Heap after GC invocations=3 (full 0):
 PSYoungGen      total 34304K, used 2528K [0x00000000eb600000, 0x00000000ef900000, 0x0000000100000000)
  eden space 31744K, 0% used [0x00000000eb600000,0x00000000eb600000,0x00000000ed500000)
  from space 2560K, 98% used [0x00000000ed500000,0x00000000ed778020,0x00000000ed780000)
  to   space 2560K, 0% used [0x00000000ef680000,0x00000000ef680000,0x00000000ef900000)
 ParOldGen       total 42496K, used 3922K [0x00000000c2200000, 0x00000000c4b80000, 0x00000000eb600000)
  object space 42496K, 9% used [0x00000000c2200000,0x00000000c25d4910,0x00000000c4b80000)
 Metaspace       used 11589K, capacity 11748K, committed 12032K, reserved 1060864K
  class space    used 1432K, capacity 1504K, committed 1536K, reserved 1048576K
}
Event: 1.474 GC heap before
{Heap before GC invocations=4 (full 0):
 PSYoungGen      total 34304K, used 34272K [0x00000000eb600000, 0x00000000ef900000, 0x0000000100000000)
  eden space 31744K, 100% used [0x00000000eb600000,0x00000000ed500000,0x00000000ed500000)
  from space 2560K, 98% used [0x00000000ed500000,0x00000000ed778020,0x00000000ed780000)
  to   space 2560K, 0% used [0x00000000ef680000,0x00000000ef680000,0x00000000ef900000)
 ParOldGen       total 42496K, used 3922K [0x00000000c2200000, 0x00000000c4b80000, 0x00000000eb600000)
  object space 42496K, 9% used [0x00000000c2200000,0x00000000c25d4910,0x00000000c4b80000)
 Metaspace       used 13551K, capacity 13804K, committed 14080K, reserved 1060864K
  class space    used 1615K, capacity 1676K, committed 1792K, reserved 1048576K
Event: 1.489 GC heap after
Heap after GC invocations=4 (full 0):
 PSYoungGen      total 66048K, used 2544K [0x00000000eb600000, 0x00000000ef900000, 0x0000000100000000)
  eden space 63488K, 0% used [0x00000000eb600000,0x00000000eb600000,0x00000000ef400000)
  from space 2560K, 99% used [0x00000000ef680000,0x00000000ef8fc030,0x00000000ef900000)
  to   space 2560K, 0% used [0x00000000ef400000,0x00000000ef400000,0x00000000ef680000)
 ParOldGen       total 42496K, used 7102K [0x00000000c2200000, 0x00000000c4b80000, 0x00000000eb600000)
  object space 42496K, 16% used [0x00000000c2200000,0x00000000c28ef908,0x00000000c4b80000)
 Metaspace       used 13551K, capacity 13804K, committed 14080K, reserved 1060864K
  class space    used 1615K, capacity 1676K, committed 1792K, reserved 1048576K
}
Event: 2.040 GC heap before
{Heap before GC invocations=5 (full 0):
 PSYoungGen      total 66048K, used 66032K [0x00000000eb600000, 0x00000000ef900000, 0x0000000100000000)
  eden space 63488K, 100% used [0x00000000eb600000,0x00000000ef400000,0x00000000ef400000)
  from space 2560K, 99% used [0x00000000ef680000,0x00000000ef8fc030,0x00000000ef900000)
  to   space 2560K, 0% used [0x00000000ef400000,0x00000000ef400000,0x00000000ef680000)
 ParOldGen       total 42496K, used 7102K [0x00000000c2200000, 0x00000000c4b80000, 0x00000000eb600000)
  object space 42496K, 16% used [0x00000000c2200000,0x00000000c28ef908,0x00000000c4b80000)
 Metaspace       used 13925K, capacity 14168K, committed 14592K, reserved 1062912K
  class space    used 1635K, capacity 1710K, committed 1792K, reserved 1048576K
Event: 2.060 GC heap after
Heap after GC invocations=5 (full 0):
 PSYoungGen      total 66048K, used 2528K [0x00000000eb600000, 0x00000000f4100000, 0x0000000100000000)
  eden space 63488K, 0% used [0x00000000eb600000,0x00000000eb600000,0x00000000ef400000)
  from space 2560K, 98% used [0x00000000ef400000,0x00000000ef678020,0x00000000ef680000)
  to   space 7680K, 0% used [0x00000000f3980000,0x00000000f3980000,0x00000000f4100000)
 ParOldGen       total 42496K, used 10722K [0x00000000c2200000, 0x00000000c4b80000, 0x00000000eb600000)
  object space 42496K, 25% used [0x00000000c2200000,0x00000000c2c78a40,0x00000000c4b80000)
 Metaspace       used 13925K, capacity 14168K, committed 14592K, reserved 1062912K
  class space    used 1635K, capacity 1710K, committed 1792K, reserved 1048576K
}
Event: 2.574 GC heap before
{Heap before GC invocations=6 (full 0):
 PSYoungGen      total 66048K, used 66016K [0x00000000eb600000, 0x00000000f4100000, 0x0000000100000000)
  eden space 63488K, 100% used [0x00000000eb600000,0x00000000ef400000,0x00000000ef400000)
  from space 2560K, 98% used [0x00000000ef400000,0x00000000ef678020,0x00000000ef680000)
  to   space 7680K, 0% used [0x00000000f3980000,0x00000000f3980000,0x00000000f4100000)
 ParOldGen       total 42496K, used 10722K [0x00000000c2200000, 0x00000000c4b80000, 0x00000000eb600000)
  object space 42496K, 25% used [0x00000000c2200000,0x00000000c2c78a40,0x00000000c4b80000)
 Metaspace       used 15086K, capacity 15404K, committed 15744K, reserved 1062912K
  class space    used 1740K, capacity 1797K, committed 1920K, reserved 1048576K
Event: 2.593 GC heap after
Heap after GC invocations=6 (full 0):
 PSYoungGen      total 134656K, used 5880K [0x00000000eb600000, 0x00000000f4100000, 0x0000000100000000)
  eden space 126976K, 0% used [0x00000000eb600000,0x00000000eb600000,0x00000000f3200000)
  from space 7680K, 76% used [0x00000000f3980000,0x00000000f3f3e0d0,0x00000000f4100000)
  to   space 7680K, 0% used [0x00000000f3200000,0x00000000f3200000,0x00000000f3980000)
 ParOldGen       total 42496K, used 10722K [0x00000000c2200000, 0x00000000c4b80000, 0x00000000eb600000)
  object space 42496K, 25% used [0x00000000c2200000,0x00000000c2c78a40,0x00000000c4b80000)
 Metaspace       used 15086K, capacity 15404K, committed 15744K, reserved 1062912K
  class space    used 1740K, capacity 1797K, committed 1920K, reserved 1048576K
}
Event: 3.771 GC heap before
{Heap before GC invocations=7 (full 0):
 PSYoungGen      total 134656K, used 90493K [0x00000000eb600000, 0x00000000f4100000, 0x0000000100000000)
  eden space 126976K, 66% used [0x00000000eb600000,0x00000000f08a16e8,0x00000000f3200000)
  from space 7680K, 76% used [0x00000000f3980000,0x00000000f3f3e0d0,0x00000000f4100000)
  to   space 7680K, 0% used [0x00000000f3200000,0x00000000f3200000,0x00000000f3980000)
 ParOldGen       total 42496K, used 10722K [0x00000000c2200000, 0x00000000c4b80000, 0x00000000eb600000)
  object space 42496K, 25% used [0x00000000c2200000,0x00000000c2c78a40,0x00000000c4b80000)
 Metaspace       used 20654K, capacity 21226K, committed 21296K, reserved 1069056K
  class space    used 2442K, capacity 2562K, committed 2608K, reserved 1048576K

Deoptimization events (10 events):
Event: 3.336 Thread 0x00007fe9b400a000 Uncommon trap: reason=class_check action=maybe_recompile pc=0x00007fe9a53f3a2c method=sun.misc.URLClassPath.getResource(Ljava/lang/String;Z)Lsun/misc/Resource; @ 62
Event: 3.351 Thread 0x00007fe9b400a000 Uncommon trap: reason=unstable_if action=reinterpret pc=0x00007fe9a51df70c method=sun.misc.MetaIndex.mayContain(Ljava/lang/String;)Z @ 38
Event: 3.361 Thread 0x00007fe9b400a000 Uncommon trap: reason=class_check action=maybe_recompile pc=0x00007fe9a53f3a2c method=sun.misc.URLClassPath.getResource(Ljava/lang/String;Z)Lsun/misc/Resource; @ 62
Event: 3.406 Thread 0x00007fe9b400a000 Uncommon trap: reason=unstable_if action=reinterpret pc=0x00007fe9a57efd0c method=java.util.regex.Pattern.range(Ljava/util/regex/Pattern$BitClass;)Ljava/util/regex/Pattern$CharProperty; @ 108
Event: 3.506 Thread 0x00007fe9b400a000 Uncommon trap: reason=bimorphic action=maybe_recompile pc=0x00007fe9a5505978 method=java.util.regex.Pattern$5.isSatisfiedBy(I)Z @ 5
Event: 3.506 Thread 0x00007fe9b400a000 Uncommon trap: reason=bimorphic action=maybe_recompile pc=0x00007fe9a5505930 method=java.util.regex.Pattern$5.isSatisfiedBy(I)Z @ 5
Event: 3.506 Thread 0x00007fe9b400a000 Uncommon trap: reason=bimorphic action=maybe_recompile pc=0x00007fe9a5505930 method=java.util.regex.Pattern$5.isSatisfiedBy(I)Z @ 5
Event: 3.506 Thread 0x00007fe9b400a000 Uncommon trap: reason=bimorphic action=maybe_recompile pc=0x00007fe9a5505930 method=java.util.regex.Pattern$5.isSatisfiedBy(I)Z @ 5
Event: 3.506 Thread 0x00007fe9b400a000 Uncommon trap: reason=bimorphic action=maybe_recompile pc=0x00007fe9a54fee0c method=java.util.regex.Pattern$5.isSatisfiedBy(I)Z @ 5
Event: 3.746 Thread 0x00007fe9b400a000 Uncommon trap: reason=unstable_if action=reinterpret pc=0x00007fe9a55d4290 method=java.lang.reflect.Field.get(Ljava/lang/Object;)Ljava/lang/Object; @ 4

Internal exceptions (10 events):
Event: 0.746 Thread 0x00007fe9b400a000 Exception <a 'java/lang/NoClassDefFoundError'> (0x00000000ebc1d3a8) thrown at [/HUDSON/workspace/8-2-build-linux-amd64/jdk8u131/8869/hotspot/src/share/vm/oops/instanceKlass.cpp, line 964]
Event: 1.433 Thread 0x00007fe9b400a000 Implicit null exception at 0x00007fe9a5305ef5 to 0x00007fe9a53060fd
Event: 2.002 Thread 0x00007fe9b400a000 Implicit null exception at 0x00007fe9a569cd41 to 0x00007fe9a569d855
Event: 2.164 Thread 0x00007fe9b400a000 Implicit null exception at 0x00007fe9a54b5f7b to 0x00007fe9a54b6585
Event: 2.241 Thread 0x00007fe9b400a000 Exception <a 'java/lang/NoClassDefFoundError': org/slf4j/Logger> (0x00000000ec75f900) thrown at [/HUDSON/workspace/8-2-build-linux-amd64/jdk8u131/8869/hotspot/src/share/vm/oops/constantPool.cpp, line 235]
Event: 2.399 Thread 0x00007fe9b400a000 Exception <a 'java/lang/NoClassDefFoundError': org/slf4j/Logger> (0x00000000ed731840) thrown at [/HUDSON/workspace/8-2-build-linux-amd64/jdk8u131/8869/hotspot/src/share/vm/oops/constantPool.cpp, line 235]
Event: 2.643 Thread 0x00007fe9b400a000 Exception <a 'java/lang/NoClassDefFoundError': org/slf4j/Logger> (0x00000000eba04868) thrown at [/HUDSON/workspace/8-2-build-linux-amd64/jdk8u131/8869/hotspot/src/share/vm/oops/constantPool.cpp, line 235]
Event: 2.701 Thread 0x00007fe9b400a000 Exception <a 'java/lang/ClassNotFoundException': com/sun/tools/javac/api/JavacTool> (0x00000000ebcc1d48) thrown at [/HUDSON/workspace/8-2-build-linux-amd64/jdk8u131/8869/hotspot/src/share/vm/classfile/systemDictionary.cpp, line 210]
Event: 3.164 Thread 0x00007fe9b400a000 Exception <a 'java/io/FileNotFoundException'> (0x00000000ee092bd8) thrown at [/HUDSON/workspace/8-2-build-linux-amd64/jdk8u131/8869/hotspot/src/share/vm/prims/jni.cpp, line 709]
Event: 3.167 Thread 0x00007fe9b400a000 Exception <a 'java/io/FileNotFoundException'> (0x00000000ee0c7b28) thrown at [/HUDSON/workspace/8-2-build-linux-amd64/jdk8u131/8869/hotspot/src/share/vm/prims/jni.cpp, line 709]

Events (10 events):
Event: 3.745 loading class com/sun/tools/javac/resources/version
Event: 3.745 loading class com/sun/tools/javac/resources/version done
Event: 3.745 loading class com/sun/tools/javac/resources/version_en
Event: 3.745 loading class com/sun/tools/javac/resources/version_en done
Event: 3.745 loading class com/sun/tools/javac/resources/version_en_US
Event: 3.745 loading class com/sun/tools/javac/resources/version_en_US done
Event: 3.746 Thread 0x00007fe9b400a000 Uncommon trap: trap_request=0xffffff65 fr.pc=0x00007fe9a55d4290
Event: 3.746 Thread 0x00007fe9b400a000 DEOPT PACKING pc=0x00007fe9a55d4290 sp=0x00007fe9bda60a30
Event: 3.746 Thread 0x00007fe9b400a000 DEOPT UNPACKING pc=0x00007fe9a5005229 sp=0x00007fe9bda60a00 mode 2
Event: 3.771 Executing VM operation: CollectForMetadataAllocation


Dynamic libraries:
00400000-00401000 r-xp 00000000 08:01 408168                             /usr/lib/jvm/java-8-oracle/bin/java
00600000-00601000 rw-p 00000000 08:01 408168                             /usr/lib/jvm/java-8-oracle/bin/java
022d1000-022f2000 rw-p 00000000 00:00 0                                  [heap]
c2200000-c4b80000 rw-p 00000000 00:00 0 
c4b80000-eb600000 ---p 00000000 00:00 0 
eb600000-f4100000 rw-p 00000000 00:00 0 
fca00000-100000000 ---p 00000000 00:00 0 
100000000-10028c000 rw-p 00000000 00:00 0 
10028c000-140000000 ---p 00000000 00:00 0 
7fe974000000-7fe974021000 rw-p 00000000 00:00 0 
7fe974021000-7fe978000000 ---p 00000000 00:00 0 
7fe978000000-7fe978021000 rw-p 00000000 00:00 0 
7fe978021000-7fe97c000000 ---p 00000000 00:00 0 
7fe97c000000-7fe97c835000 rw-p 00000000 00:00 0 
7fe97c835000-7fe980000000 ---p 00000000 00:00 0 
7fe984000000-7fe984021000 rw-p 00000000 00:00 0 
7fe984021000-7fe988000000 ---p 00000000 00:00 0 
7fe988000000-7fe988cc1000 rw-p 00000000 00:00 0 
7fe988cc1000-7fe98c000000 ---p 00000000 00:00 0 
7fe98c000000-7fe98c021000 rw-p 00000000 00:00 0 
7fe98c021000-7fe990000000 ---p 00000000 00:00 0 
7fe990000000-7fe990021000 rw-p 00000000 00:00 0 
7fe990021000-7fe994000000 ---p 00000000 00:00 0 
7fe994000000-7fe99428c000 rw-p 00000000 00:00 0 
7fe99428c000-7fe998000000 ---p 00000000 00:00 0 
7fe998000000-7fe998021000 rw-p 00000000 00:00 0 
7fe998021000-7fe99c000000 ---p 00000000 00:00 0 
7fe99e3bd000-7fe99e3fe000 rw-p 00000000 00:00 0 
7fe99e3fe000-7fe99e5be000 ---p 00000000 00:00 0 
7fe99e5be000-7fe99e5d1000 r--s 00345000 08:01 407755                     /usr/lib/jvm/java-8-oracle/jre/lib/resources.jar
7fe99e5d1000-7fe99e5e6000 r--s 00145000 08:01 1572951                    /home/vagrant/.m2/repository/org/projectlombok/lombok/1.16.12/lombok-1.16.12.jar
7fe99e5e6000-7fe99e5e9000 r--s 00009000 08:01 1058021                    /home/vagrant/.m2/repository/com/fasterxml/jackson/core/jackson-annotations/2.6.3/jackson-annotations-2.6.3.jar
7fe99e5e9000-7fe99e5ea000 r--s 00000000 08:01 1573243                    /home/vagrant/.m2/repository/org/springframework/boot/spring-boot-starter-data-rest/1.3.0.RELEASE/spring-boot-starter-data-rest-1.3.0.RELEASE.jar
7fe99e5ea000-7fe99e5ec000 r--s 00003000 08:01 415549                     /home/vagrant/.m2/repository/org/slf4j/jcl-over-slf4j/1.7.13/jcl-over-slf4j-1.7.13.jar
7fe99e5ec000-7fe99e5ee000 r--s 00007000 08:01 415548                     /home/vagrant/.m2/repository/org/slf4j/slf4j-api/1.7.13/slf4j-api-1.7.13.jar
7fe99e5ee000-7fe99e619000 r--s 001f5000 08:01 1058049                    /home/vagrant/.m2/repository/com/google/guava/guava/16.0.1/guava-16.0.1.jar
7fe99e619000-7fe99e61a000 r--s 00002000 08:01 1573232                    /home/vagrant/.m2/repository/com/github/fge/btf/1.2/btf-1.2.jar
7fe99e61a000-7fe99e61c000 r--s 00008000 08:01 1573231                    /home/vagrant/.m2/repository/com/github/fge/msg-simple/1.1/msg-simple-1.1.jar
7fe99e61c000-7fe99e61e000 r--s 00006000 08:01 1573213                    /home/vagrant/.m2/repository/com/github/fge/jackson-coreutils/1.6/jackson-coreutils-1.6.jar
7fe99e61e000-7fe99e620000 r--s 00009000 08:01 1573229                    /home/vagrant/.m2/repository/com/github/fge/json-patch/1.7/json-patch-1.7.jar
7fe99e620000-7fe99e622000 r--s 00002000 08:01 1573224                    /home/vagrant/.m2/repository/org/atteo/evo-inflector/1.2.1/evo-inflector-1.2.1.jar
7fe99e622000-7fe99e623000 r--s 00004000 08:01 1573220                    /home/vagrant/.m2/repository/org/springframework/plugin/spring-plugin-core/1.2.0.RELEASE/spring-plugin-core-1.2.0.RELEASE.jar
7fe99e623000-7fe99e628000 r--s 00027000 08:01 1573218                    /home/vagrant/.m2/repository/org/springframework/hateoas/spring-hateoas/0.19.0.RELEASE/spring-hateoas-0.19.0.RELEASE.jar
7fe99e628000-7fe99e62c000 r--s 00017000 08:01 1573216                    /home/vagrant/.m2/repository/org/springframework/data/spring-data-rest-core/2.4.1.RELEASE/spring-data-rest-core-2.4.1.RELEASE.jar
7fe99e62c000-7fe99e631000 r--s 00034000 08:01 1573222                    /home/vagrant/.m2/repository/org/springframework/data/spring-data-rest-webmvc/2.4.1.RELEASE/spring-data-rest-webmvc-2.4.1.RELEASE.jar
7fe99e631000-7fe99e633000 r--s 00058000 08:01 1573214                    /home/vagrant/.m2/repository/org/springframework/data/spring-data-rest-hal-browser/2.4.1.RELEASE/spring-data-rest-hal-browser-2.4.1.RELEASE.jar
7fe99e633000-7fe99e63c000 r--s 000e8000 08:01 533087                     /home/vagrant/.m2/repository/mysql/mysql-connector-java/5.1.37/mysql-connector-java-5.1.37.jar
7fe99e63c000-7fe99e63f000 r--s 0000c000 08:01 1572908                    /home/vagrant/.m2/repository/org/springframework/spring-aspects/4.2.3.RELEASE/spring-aspects-4.2.3.RELEASE.jar
7fe99e63f000-7fe99e646000 r--s 0003a000 08:01 1451446                    /home/vagrant/.m2/repository/org/springframework/spring-tx/4.2.3.RELEASE/spring-tx-4.2.3.RELEASE.jar
7fe99e646000-7fe99e650000 r--s 00068000 08:01 1572909                    /home/vagrant/.m2/repository/org/springframework/spring-orm/4.2.3.RELEASE/spring-orm-4.2.3.RELEASE.jar
7fe99e650000-7fe99e65f000 r--s 0008d000 08:01 1317435                    /home/vagrant/.m2/repository/org/springframework/data/spring-data-commons/1.11.1.RELEASE/spring-data-commons-1.11.1.RELEASE.jar
7fe99e65f000-7fe99e666000 r--s 00038000 08:01 1317432                    /home/vagrant/.m2/repository/org/springframework/data/spring-data-jpa/1.9.1.RELEASE/spring-data-jpa-1.9.1.RELEASE.jar
7fe99e666000-7fe99e668000 r--s 00006000 08:01 1572917                    /home/vagrant/.m2/repository/javax/transaction/javax.transaction-api/1.2/javax.transaction-api-1.2.jar
7fe99e668000-7fe99e672000 r--s 000a5000 08:01 1572914                    /home/vagrant/.m2/repository/org/javassist/javassist/3.18.1-GA/javassist-3.18.1-GA.jar
7fe99e672000-7fe99e677000 r--s 00017000 08:01 1572912                    /home/vagrant/.m2/repository/org/hibernate/javax/persistence/hibernate-jpa-2.1-api/1.0.0.Final/hibernate-jpa-2.1-api-1.0.0.Final.jar
7fe99e677000-7fe99e67a000 r--s 00010000 08:01 1451445                    /home/vagrant/.m2/repository/org/hibernate/common/hibernate-commons-annotations/4.0.5.Final/hibernate-commons-annotations-4.0.5.Final.jar
7fe99e67a000-7fe99e67f000 r--s 00016000 08:01 1058025                    /home/vagrant/.m2/repository/xml-apis/xml-apis/1.0.b2/xml-apis-1.0.b2.jar
7fe99e67f000-7fe99e684000 r--s 00048000 08:01 1190314                    /home/vagrant/.m2/repository/dom4j/dom4j/1.6.1/dom4j-1.6.1.jar
7fe99e684000-7fe99e686000 r--s 00011000 08:01 1572910                    /home/vagrant/.m2/repository/org/jboss/jandex/1.1.0.Final/jandex-1.1.0.Final.jar
7fe99e686000-7fe99e68b000 r--s 00068000 08:01 1190312                    /home/vagrant/.m2/repository/antlr/antlr/2.7.7/antlr-2.7.7.jar
7fe99e68b000-7fe99e6e9000 r--s 004ac000 08:01 1451447                    /home/vagrant/.m2/repository/org/hibernate/hibernate-core/4.3.11.Final/hibernate-core-4.3.11.Final.jar
7fe99e6e9000-7fe99e6ea000 r--s 00002000 08:01 1451453                    /home/vagrant/.m2/repository/org/jboss/logging/jboss-logging-annotations/1.2.0.Beta1/jboss-logging-annotations-1.2.0.Beta1.jar
7fe99e6ea000-7fe99e6ec000 r--s 0000f000 08:01 1450791                    /home/vagrant/.m2/repository/org/jboss/logging/jboss-logging/3.3.0.Final/jboss-logging-3.3.0.Final.jar
7fe99e6ec000-7fe99e6fa000 r--s 00091000 08:01 1451443                    /home/vagrant/.m2/repository/org/hibernate/hibernate-entitymanager/4.3.11.Final/hibernate-entitymanager-4.3.11.Final.jar
7fe99e6fa000-7fe99e704000 r--s 0005e000 08:01 1451434                    /home/vagrant/.m2/repository/org/springframework/spring-jdbc/4.2.3.RELEASE/spring-jdbc-4.2.3.RELEASE.jar
7fe99e704000-7fe99e705000 r--s 00009000 08:01 927828                     /home/vagrant/.m2/repository/org/apache/tomcat/tomcat-juli/8.0.28/tomcat-juli-8.0.28.jar
7fe99e705000-7fe99e708000 r--s 0001f000 08:01 806996                     /home/vagrant/.m2/repository/org/apache/tomcat/tomcat-jdbc/8.0.28/tomcat-jdbc-8.0.28.jar
7fe99e708000-7fe99e709000 r--s 00000000 08:01 1451437                    /home/vagrant/.m2/repository/org/springframework/boot/spring-boot-starter-jdbc/1.3.0.RELEASE/spring-boot-starter-jdbc-1.3.0.RELEASE.jar
7fe99e709000-7fe99e722000 r--s 001af000 08:01 1451440                    /home/vagrant/.m2/repository/org/aspectj/aspectjweaver/1.8.7/aspectjweaver-1.8.7.jar
7fe99e722000-7fe99e723000 r--s 00000000 08:01 1451431                    /home/vagrant/.m2/repository/org/springframework/boot/spring-boot-starter-aop/1.3.0.RELEASE/spring-boot-starter-aop-1.3.0.RELEASE.jar
7fe99e723000-7fe99e724000 r--s 00000000 08:01 1451435                    /home/vagrant/.m2/repository/org/springframework/boot/spring-boot-starter-data-jpa/1.3.0.RELEASE/spring-boot-starter-data-jpa-1.3.0.RELEASE.jar
7fe99e724000-7fe99e729000 r--s 0003c000 08:01 1451350                    /home/vagrant/.m2/repository/org/springframework/spring-expression/4.2.3.RELEASE/spring-expression-4.2.3.RELEASE.jar
7fe99e729000-7fe99e73a000 r--s 000c5000 08:01 1451346                    /home/vagrant/.m2/repository/org/springframework/spring-webmvc/4.2.3.RELEASE/spring-webmvc-4.2.3.RELEASE.jar
7fe99e73a000-7fe99e752000 r--s 000f2000 08:01 1451338                    /home/vagrant/.m2/repository/org/springframework/spring-context/4.2.3.RELEASE/spring-context-4.2.3.RELEASE.jar
7fe99e752000-7fe99e760000 r--s 000a5000 08:01 1451342                    /home/vagrant/.m2/repository/org/springframework/spring-beans/4.2.3.RELEASE/spring-beans-4.2.3.RELEASE.jar
7fe99e760000-7fe99e762000 r--s 00000000 08:01 1451004                    /home/vagrant/.m2/repository/aopalliance/aopalliance/1.0/aopalliance-1.0.jar
7fe99e762000-7fe99e76b000 r--s 00052000 08:01 1451337                    /home/vagrant/.m2/repository/org/springframework/spring-aop/4.2.3.RELEASE/spring-aop-4.2.3.RELEASE.jar
7fe99e76b000-7fe99e77c000 r--s 000ab000 08:01 1451314                    /home/vagrant/.m2/repository/org/springframework/spring-web/4.2.3.RELEASE/spring-web-4.2.3.RELEASE.jar
7fe99e77c000-7fe99e780000 r--s 0003c000 08:01 1058024                    /home/vagrant/.m2/repository/com/fasterxml/jackson/core/jackson-core/2.6.3/jackson-core-2.6.3.jar
7fe99e780000-7fe99e791000 r--s 0010d000 08:01 663460                     /home/vagrant/.m2/repository/com/fasterxml/jackson/core/jackson-databind/2.6.3/jackson-databind-2.6.3.jar
7fe99e791000-7fe99e793000 r--s 0000e000 08:01 532637                     /home/vagrant/.m2/repository/com/fasterxml/classmate/1.1.0/classmate-1.1.0.jar
7fe99e793000-7fe99e797000 r--s 0000c000 08:01 1190254                    /home/vagrant/.m2/repository/javax/validation/validation-api/1.1.0.Final/validation-api-1.1.0.Final.jar
7fe99e797000-7fe99e7a8000 r--s 0009a000 08:01 1451335                    /home/vagrant/.m2/repository/org/hibernate/hibernate-validator/5.2.2.Final/hibernate-validator-5.2.2.Final.jar
7fe99e7a8000-7fe99e7a9000 r--s 00000000 08:01 1451316                    /home/vagrant/.m2/repository/org/springframework/boot/spring-boot-starter-validation/1.3.0.RELEASE/spring-boot-starter-validation-1.3.0.RELEASE.jar
7fe99e7a9000-7fe99e7af000 r--s 00036000 08:01 927821                     /home/vagrant/.m2/repository/org/apache/tomcat/embed/tomcat-embed-websocket/8.0.28/tomcat-embed-websocket-8.0.28.jar
7fe99e7af000-7fe99e7b0000 r--s 00009000 08:01 927819                     /home/vagrant/.m2/repository/org/apache/tomcat/embed/tomcat-embed-logging-juli/8.0.28/tomcat-embed-logging-juli-8.0.28.jar
7fe99e7b0000-7fe99e7b5000 r--s 00036000 08:01 806991                     /home/vagrant/.m2/repository/org/apache/tomcat/embed/tomcat-embed-el/8.0.28/tomcat-embed-el-8.0.28.jar
7fe99e7b5000-7fe99e7da000 r--s 0028c000 08:01 806987                     /home/vagrant/.m2/repository/org/apache/tomcat/embed/tomcat-embed-core/8.0.28/tomcat-embed-core-8.0.28.jar
7fe99e7da000-7fe99e7db000 r--s 00000000 08:01 1451330                    /home/vagrant/.m2/repository/org/springframework/boot/spring-boot-starter-tomcat/1.3.0.RELEASE/spring-boot-starter-tomcat-1.3.0.RELEASE.jar
7fe99e7db000-7fe99e7f0000 r--s 000f2000 08:01 1451349                    /home/vagrant/.m2/repository/org/springframework/spring-core/4.2.3.RELEASE/spring-core-4.2.3.RELEASE.jar
7fe99e7f0000-7fe99e7f1000 r--s 00005000 08:01 532635                     /home/vagrant/.m2/repository/org/slf4j/log4j-over-slf4j/1.7.13/log4j-over-slf4j-1.7.13.jar
7fe99e7f1000-7fe99e7f3000 r--s 00000000 08:01 532633                     /home/vagrant/.m2/repository/org/slf4j/jul-to-slf4j/1.7.13/jul-to-slf4j-1.7.13.jar
7fe99e7f3000-7fe99e7fe000 r--s 00065000 08:01 1451324                    /home/vagrant/.m2/repository/ch/qos/logback/logback-core/1.1.3/logback-core-1.1.3.jar
7fe99e7fe000-7fe99e804000 r--s 0003f000 08:01 1451322                    /home/vagrant/.m2/repository/ch/qos/logback/logback-classic/1.1.3/logback-classic-1.1.3.jar
7fe99e804000-7fe99e805000 r--s 00000000 08:01 1451311                    /home/vagrant/.m2/repository/org/springframework/boot/spring-boot-starter-logging/1.3.0.RELEASE/spring-boot-starter-logging-1.3.0.RELEASE.jar
7fe99e805000-7fe99e81c000 r--s 0009e000 08:01 1451318                    /home/vagrant/.m2/repository/org/springframework/boot/spring-boot-autoconfigure/1.3.0.RELEASE/spring-boot-autoconfigure-1.3.0.RELEASE.jar
7fe99e81c000-7fe99e829000 r--s 00076000 08:01 1451310                    /home/vagrant/.m2/repository/org/springframework/boot/spring-boot/1.3.0.RELEASE/spring-boot-1.3.0.RELEASE.jar
7fe99e829000-7fe99e82a000 r--s 00000000 08:01 1451333                    /home/vagrant/.m2/repository/org/springframework/boot/spring-boot-starter/1.3.0.RELEASE/spring-boot-starter-1.3.0.RELEASE.jar
7fe99e82a000-7fe99e82b000 r--s 00000000 08:01 1451308                    /home/vagrant/.m2/repository/org/springframework/boot/spring-boot-starter-web/1.3.0.RELEASE/spring-boot-starter-web-1.3.0.RELEASE.jar
7fe99e82b000-7fe99ea2b000 rw-p 00000000 00:00 0 
7fe99ea2b000-7fe99ec2b000 rw-p 00000000 00:00 0 
7fe99ec2b000-7fe99eca5000 r--s 010f6000 08:01 409447                     /usr/lib/jvm/java-8-oracle/lib/tools.jar
7fe99eca5000-7fe99eca8000 r--s 0001b000 08:01 927632                     /home/vagrant/.m2/repository/junit/junit/3.8.2/junit-3.8.2.jar
7fe99eca8000-7fe99ecb6000 r--s 0008f000 08:01 927629                     /home/vagrant/.m2/repository/com/google/collections/google-collections/1.0/google-collections-1.0.jar
7fe99ecb6000-7fe99ecb7000 r--s 0000a000 08:01 927627                     /home/vagrant/.m2/repository/commons-logging/commons-logging-api/1.1/commons-logging-api-1.1.jar
7fe99ecb7000-7fe99ecbe000 r--s 00051000 08:01 927625                     /home/vagrant/.m2/repository/log4j/log4j/1.2.12/log4j-1.2.12.jar
7fe99ecbe000-7fe99ecc2000 r--s 0001d000 08:01 927623                     /home/vagrant/.m2/repository/org/apache/xbean/xbean-reflect/3.4/xbean-reflect-3.4.jar
7fe99ecc2000-7fe99ecc3000 r--s 00004000 08:01 806850                     /home/vagrant/.m2/repository/org/codehaus/plexus/plexus-compiler-javac/2.2/plexus-compiler-javac-2.2.jar
7fe99ecc3000-7fe99ecc5000 r--s 00000000 08:01 806848                     /home/vagrant/.m2/repository/org/codehaus/plexus/plexus-compiler-manager/2.2/plexus-compiler-manager-2.2.jar
7fe99ecc5000-7fe99ecc7000 r--s 00005000 08:01 663274                     /home/vagrant/.m2/repository/org/codehaus/plexus/plexus-compiler-api/2.2/plexus-compiler-api-2.2.jar
7fe99ecc7000-7fe99ecc9000 r--s 00000000 08:01 663271                     /home/vagrant/.m2/repository/org/codehaus/plexus/plexus-component-annotations/1.5.5/plexus-component-annotations-1.5.5.jar
7fe99ecc9000-7fe99eccb000 r--s 00002000 08:01 415320                     /home/vagrant/.m2/repository/org/apache/maven/shared/maven-shared-incremental/1.1/maven-shared-incremental-1.1.jar
7fe99eccb000-7fe99eccd000 r--s 00006000 08:01 415319                     /home/vagrant/.m2/repository/com/google/code/findbugs/jsr305/2.0.1/jsr305-2.0.1.jar
7fe99eccd000-7fe99ecd0000 r--s 00023000 08:01 415318                     /home/vagrant/.m2/repository/org/apache/maven/shared/maven-shared-utils/0.1/maven-shared-utils-0.1.jar
7fe99ecd0000-7fe99ecd4000 r--s 00030000 08:01 415287                     /home/vagrant/.m2/repository/org/codehaus/plexus/plexus-utils/1.5.1/plexus-utils-1.5.1.jar
7fe99ecd4000-7fe99ecd6000 r--s 00009000 08:01 415107                     /home/vagrant/.m2/repository/org/apache/maven/plugins/maven-compiler-plugin/3.1/maven-compiler-plugin-3.1.jar
7fe99ecd6000-7fe99ecd8000 r--s 0000d000 08:01 414985                     /home/vagrant/.m2/repository/org/codehaus/plexus/plexus-interpolation/1.13/plexus-interpolation-1.13.jar
7fe99ecd8000-7fe99ecd9000 r--s 00001000 08:01 415026                     /home/vagrant/.m2/repository/org/sonatype/plexus/plexus-build-api/0.0.4/plexus-build-api-0.0.4.jar
7fe99ecd9000-7fe99ecdb000 r--s 00009000 08:01 415025                     /home/vagrant/.m2/repository/org/apache/maven/shared/maven-filtering/1.1/maven-filtering-1.1.jar
7fe99ecdb000-7fe99ecdf000 r--s 00033000 08:01 415024                     /home/vagrant/.m2/repository/org/codehaus/plexus/plexus-utils/2.0.5/plexus-utils-2.0.5.jar
7fe99ecdf000-7fe99ece2000 r--s 0001b000 08:01 415020                     /home/vagrant/.m2/repository/junit/junit/3.8.1/junit-3.8.1.jar
7fe99ece2000-7fe99ece4000 r--s 00002000 08:01 415007                     /home/vagrant/.m2/repository/org/codehaus/plexus/plexus-interactivity-api/1.0-alpha-4/plexus-interactivity-api-1.0-alpha-4.jar
7fe99ece4000-7fe99ece6000 r--s 00006000 08:01 415003                     /home/vagrant/.m2/repository/commons-cli/commons-cli/1.0/commons-cli-1.0.jar
7fe99ece6000-7fe99ece7000 r--s 00001000 08:01 414996                     /home/vagrant/.m2/repository/org/apache/maven/doxia/doxia-sink-api/1.0-alpha-7/doxia-sink-api-1.0-alpha-7.jar
7fe99ece7000-7fe99ece8000 r--s 00002000 08:01 414995                     /home/vagrant/.m2/repository/org/apache/maven/reporting/maven-reporting-api/2.0.6/maven-reporting-api-2.0.6.jar
7fe99ece8000-7fe99ecea000 r--s 00006000 08:01 414772                     /home/vagrant/.m2/repository/org/apache/maven/plugins/maven-resources-plugin/2.6/maven-resources-plugin-2.6.jar
7fe99ecea000-7fe99ecee000 r--s 00034000 08:01 414753                     /home/vagrant/.m2/repository/org/codehaus/plexus/plexus-utils/3.0/plexus-utils-3.0.jar
7fe99ecee000-7fe99ecf0000 r--s 00005000 08:01 414711                     /home/vagrant/.m2/repository/org/apache/maven/plugins/maven-clean-plugin/2.5/maven-clean-plugin-2.5.jar
7fe99ecf0000-7fe99eef0000 rw-p 00000000 00:00 0 
7fe99eef0000-7fe99f0f0000 rw-p 00000000 00:00 0 
7fe99f0f0000-7fe99f0f5000 r--s 0009a000 08:01 407711                     /usr/lib/jvm/java-8-oracle/jre/lib/jsse.jar
7fe99f0f5000-7fe99f2f5000 rw-p 00000000 00:00 0 
7fe99f2f5000-7fe99f2f9000 r--s 0001c000 08:01 656209                     /usr/share/maven-repo/org/sonatype/aether/aether-util/1.13.1/aether-util-1.13.1.jar
7fe99f2f9000-7fe99f2fb000 r--s 00025000 08:01 68083                      /usr/share/java/maven3-model-3.0.5.jar
7fe99f2fb000-7fe99f2fc000 r--s 00003000 08:01 656221                     /usr/share/maven-repo/org/sonatype/aether/aether-spi/1.13.1/aether-spi-1.13.1.jar
7fe99f2fc000-7fe99f2fe000 r--s 00007000 08:01 68089                      /usr/share/java/maven3-settings-builder-3.0.5.jar
7fe99f2fe000-7fe99f304000 r--s 0003e000 08:01 68090                      /usr/share/java/maven3-compat-3.0.5.jar
7fe99f304000-7fe99f306000 r--s 00006000 08:01 656244                     /usr/share/maven-repo/org/sonatype/aether/aether-connector-wagon/1.13.1/aether-connector-wagon-1.13.1.jar
7fe99f306000-7fe99f308000 r--s 0000a000 08:01 68088                      /usr/share/java/maven3-artifact-3.0.5.jar
7fe99f308000-7fe99f314000 r--s 0007c000 08:01 68084                      /usr/share/java/maven3-core-3.0.5.jar
7fe99f314000-7fe99f316000 r--s 0000a000 08:01 67898                      /usr/share/java/wagon-provider-api-2.x.jar
7fe99f316000-7fe99f318000 r--s 00002000 08:01 67823                      /usr/share/java/plexus-cipher.jar
7fe99f318000-7fe99f31e000 r--s 0002c000 08:01 67235                      /usr/share/java/sisu-inject-plexus.jar
7fe99f31e000-7fe99f320000 r--s 00009000 08:01 68086                      /usr/share/java/maven3-settings-3.0.5.jar
7fe99f320000-7fe99f322000 r--s 00008000 08:01 68085                      /usr/share/java/maven3-embedder-3.0.5.jar
7fe99f322000-7fe99f324000 r--s 0000e000 08:01 67660                      /usr/share/java/plexus-interpolation.jar
7fe99f324000-7fe99f328000 r--s 00033000 08:01 68043                      /usr/share/java/plexus-utils2-2.0.5.jar
7fe99f328000-7fe99f32b000 r--s 0001d000 08:01 656238                     /usr/share/maven-repo/org/sonatype/aether/aether-impl/1.13.1/aether-impl-1.13.1.jar
7fe99f32b000-7fe99f32d000 r--s 00009000 08:01 68091                      /usr/share/java/maven3-plugin-api-3.0.5.jar
7fe99f32d000-7fe99f32f000 r--s 00007000 08:01 67567                      /usr/share/java/commons-cli-1.2.jar
7fe99f32f000-7fe99f331000 r--s 00005000 08:01 68087                      /usr/share/java/maven3-repository-metadata-3.0.5.jar
7fe99f331000-7fe99f335000 r--s 00020000 08:01 68092                      /usr/share/java/maven3-model-builder-3.0.5.jar
7fe99f335000-7fe99f341000 r--s 00082000 08:01 67205                      /usr/share/java/sisu-guice.jar
7fe99f341000-7fe99f343000 r--s 0000b000 08:01 68082                      /usr/share/java/maven3-aether-provider-3.0.5.jar
7fe99f343000-7fe99f36c000 r--s 001e9000 08:01 67588                      /usr/share/java/guava.jar
7fe99f36c000-7fe99f36d000 ---p 00000000 00:00 0 
7fe99f36d000-7fe99f46d000 rw-p 00000000 00:00 0                          [stack:12422]
7fe99f46d000-7fe99f470000 ---p 00000000 00:00 0 
7fe99f470000-7fe99f56e000 rw-p 00000000 00:00 0                          [stack:12421]
7fe99f56e000-7fe99f571000 ---p 00000000 00:00 0 
7fe99f571000-7fe99f66f000 rw-p 00000000 00:00 0                          [stack:12420]
7fe99f66f000-7fe99f672000 ---p 00000000 00:00 0 
7fe99f672000-7fe99f770000 rw-p 00000000 00:00 0                          [stack:12419]
7fe99f770000-7fe99f773000 ---p 00000000 00:00 0 
7fe99f773000-7fe99f871000 rw-p 00000000 00:00 0                          [stack:12418]
7fe99f871000-7fe99f9fa000 r--p 00000000 08:01 54287                      /usr/lib/locale/locale-archive
7fe99f9fa000-7fe99f9fd000 ---p 00000000 00:00 0 
7fe99f9fd000-7fe99fafb000 rw-p 00000000 00:00 0                          [stack:12417]
7fe99fafb000-7fe99fafe000 ---p 00000000 00:00 0 
7fe99fafe000-7fe99fbfc000 rw-p 00000000 00:00 0                          [stack:12416]
7fe99fbfc000-7fe99fbfd000 ---p 00000000 00:00 0 
7fe99fbfd000-7fe9a0000000 rw-p 00000000 00:00 0                          [stack:12415]
7fe9a0000000-7fe9a0021000 rw-p 00000000 00:00 0 
7fe9a0021000-7fe9a4000000 ---p 00000000 00:00 0 
7fe9a4000000-7fe9a4001000 r--s 00006000 08:01 67829                      /usr/share/java/plexus-sec-dispatcher.jar
7fe9a4001000-7fe9a4002000 r--s 00001000 08:01 67902                      /usr/share/java/wagon-file-2.x.jar
7fe9a4002000-7fe9a4005000 r--s 00013000 08:01 656226                     /usr/share/maven-repo/org/sonatype/aether/aether-api/1.13.1/aether-api-1.13.1.jar
7fe9a4005000-7fe9a4021000 r--s 00110000 08:01 67961                      /usr/share/java/wagon-http-shaded-2.x.jar
7fe9a4021000-7fe9a4627000 rw-p 00000000 00:00 0 
7fe9a4627000-7fe9a4800000 r--s 03d40000 08:01 407733                     /usr/lib/jvm/java-8-oracle/jre/lib/rt.jar
7fe9a4800000-7fe9a5000000 rw-p 00000000 00:00 0 
7fe9a5000000-7fe9a5a40000 rwxp 00000000 00:00 0 
7fe9a5a40000-7fe9b4000000 ---p 00000000 00:00 0 
7fe9b4000000-7fe9b5157000 rw-p 00000000 00:00 0 
7fe9b5157000-7fe9b8000000 ---p 00000000 00:00 0 
7fe9b8000000-7fe9b8002000 r--s 00000000 08:01 68058                      /usr/share/java/plexus-component-annotations-1.5-1.5.5.jar
7fe9b8002000-7fe9b8009000 r--s 0003b000 08:01 67628                      /usr/share/java/commons-codec-1.9.jar
7fe9b8009000-7fe9b8010000 r--s 00040000 08:01 67284                      /usr/share/java/sisu-inject-bean.jar
7fe9b8010000-7fe9ba1c8000 rw-p 00000000 00:00 0 
7fe9ba1c8000-7fe9ba1c9000 ---p 00000000 00:00 0 
7fe9ba1c9000-7fe9ba2c9000 rw-p 00000000 00:00 0                          [stack:12414]
7fe9ba2c9000-7fe9ba2ca000 ---p 00000000 00:00 0 
7fe9ba2ca000-7fe9ba3df000 rw-p 00000000 00:00 0                          [stack:12413]
7fe9ba3df000-7fe9ba514000 ---p 00000000 00:00 0 
7fe9ba514000-7fe9ba529000 rw-p 00000000 00:00 0 
7fe9ba529000-7fe9ba65e000 ---p 00000000 00:00 0 
7fe9ba65e000-7fe9ba6a4000 rw-p 00000000 00:00 0 
7fe9ba6a4000-7fe9ba703000 ---p 00000000 00:00 0 
7fe9ba703000-7fe9ba72d000 rw-p 00000000 00:00 0 
7fe9ba72d000-7fe9baac4000 ---p 00000000 00:00 0 
7fe9baac4000-7fe9baade000 r-xp 00000000 08:01 407864                     /usr/lib/jvm/java-8-oracle/jre/lib/amd64/libzip.so
7fe9baade000-7fe9bacde000 ---p 0001a000 08:01 407864                     /usr/lib/jvm/java-8-oracle/jre/lib/amd64/libzip.so
7fe9bacde000-7fe9bacdf000 rw-p 0001a000 08:01 407864                     /usr/lib/jvm/java-8-oracle/jre/lib/amd64/libzip.so
7fe9bacdf000-7fe9bace9000 r-xp 00000000 08:01 2177                       /lib/x86_64-linux-gnu/libnss_files-2.19.so
7fe9bace9000-7fe9baee8000 ---p 0000a000 08:01 2177                       /lib/x86_64-linux-gnu/libnss_files-2.19.so
7fe9baee8000-7fe9baee9000 r--p 00009000 08:01 2177                       /lib/x86_64-linux-gnu/libnss_files-2.19.so
7fe9baee9000-7fe9baeea000 rw-p 0000a000 08:01 2177                       /lib/x86_64-linux-gnu/libnss_files-2.19.so
7fe9baeea000-7fe9baef5000 r-xp 00000000 08:01 2340                       /lib/x86_64-linux-gnu/libnss_nis-2.19.so
7fe9baef5000-7fe9bb0f4000 ---p 0000b000 08:01 2340                       /lib/x86_64-linux-gnu/libnss_nis-2.19.so
7fe9bb0f4000-7fe9bb0f5000 r--p 0000a000 08:01 2340                       /lib/x86_64-linux-gnu/libnss_nis-2.19.so
7fe9bb0f5000-7fe9bb0f6000 rw-p 0000b000 08:01 2340                       /lib/x86_64-linux-gnu/libnss_nis-2.19.so
7fe9bb0f6000-7fe9bb10d000 r-xp 00000000 08:01 2337                       /lib/x86_64-linux-gnu/libnsl-2.19.so
7fe9bb10d000-7fe9bb30c000 ---p 00017000 08:01 2337                       /lib/x86_64-linux-gnu/libnsl-2.19.so
7fe9bb30c000-7fe9bb30d000 r--p 00016000 08:01 2337                       /lib/x86_64-linux-gnu/libnsl-2.19.so
7fe9bb30d000-7fe9bb30e000 rw-p 00017000 08:01 2337                       /lib/x86_64-linux-gnu/libnsl-2.19.so
7fe9bb30e000-7fe9bb310000 rw-p 00000000 00:00 0 
7fe9bb310000-7fe9bb319000 r-xp 00000000 08:01 2285                       /lib/x86_64-linux-gnu/libnss_compat-2.19.so
7fe9bb319000-7fe9bb518000 ---p 00009000 08:01 2285                       /lib/x86_64-linux-gnu/libnss_compat-2.19.so
7fe9bb518000-7fe9bb519000 r--p 00008000 08:01 2285                       /lib/x86_64-linux-gnu/libnss_compat-2.19.so
7fe9bb519000-7fe9bb51a000 rw-p 00009000 08:01 2285                       /lib/x86_64-linux-gnu/libnss_compat-2.19.so
7fe9bb51a000-7fe9bb545000 r-xp 00000000 08:01 407919                     /usr/lib/jvm/java-8-oracle/jre/lib/amd64/libjava.so
7fe9bb545000-7fe9bb744000 ---p 0002b000 08:01 407919                     /usr/lib/jvm/java-8-oracle/jre/lib/amd64/libjava.so
7fe9bb744000-7fe9bb746000 rw-p 0002a000 08:01 407919                     /usr/lib/jvm/java-8-oracle/jre/lib/amd64/libjava.so
7fe9bb746000-7fe9bb753000 r-xp 00000000 08:01 407857                     /usr/lib/jvm/java-8-oracle/jre/lib/amd64/libverify.so
7fe9bb753000-7fe9bb952000 ---p 0000d000 08:01 407857                     /usr/lib/jvm/java-8-oracle/jre/lib/amd64/libverify.so
7fe9bb952000-7fe9bb954000 rw-p 0000c000 08:01 407857                     /usr/lib/jvm/java-8-oracle/jre/lib/amd64/libverify.so
7fe9bb954000-7fe9bb95b000 r-xp 00000000 08:01 2364                       /lib/x86_64-linux-gnu/librt-2.19.so
7fe9bb95b000-7fe9bbb5a000 ---p 00007000 08:01 2364                       /lib/x86_64-linux-gnu/librt-2.19.so
7fe9bbb5a000-7fe9bbb5b000 r--p 00006000 08:01 2364                       /lib/x86_64-linux-gnu/librt-2.19.so
7fe9bbb5b000-7fe9bbb5c000 rw-p 00007000 08:01 2364                       /lib/x86_64-linux-gnu/librt-2.19.so
7fe9bbb5c000-7fe9bbc61000 r-xp 00000000 08:01 2300                       /lib/x86_64-linux-gnu/libm-2.19.so
7fe9bbc61000-7fe9bbe60000 ---p 00105000 08:01 2300                       /lib/x86_64-linux-gnu/libm-2.19.so
7fe9bbe60000-7fe9bbe61000 r--p 00104000 08:01 2300                       /lib/x86_64-linux-gnu/libm-2.19.so
7fe9bbe61000-7fe9bbe62000 rw-p 00105000 08:01 2300                       /lib/x86_64-linux-gnu/libm-2.19.so
7fe9bbe62000-7fe9bcb31000 r-xp 00000000 08:01 407901                     /usr/lib/jvm/java-8-oracle/jre/lib/amd64/server/libjvm.so
7fe9bcb31000-7fe9bcd31000 ---p 00ccf000 08:01 407901                     /usr/lib/jvm/java-8-oracle/jre/lib/amd64/server/libjvm.so
7fe9bcd31000-7fe9bce0a000 rw-p 00ccf000 08:01 407901                     /usr/lib/jvm/java-8-oracle/jre/lib/amd64/server/libjvm.so
7fe9bce0a000-7fe9bce55000 rw-p 00000000 00:00 0 
7fe9bce55000-7fe9bd013000 r-xp 00000000 08:01 2291                       /lib/x86_64-linux-gnu/libc-2.19.so
7fe9bd013000-7fe9bd212000 ---p 001be000 08:01 2291                       /lib/x86_64-linux-gnu/libc-2.19.so
7fe9bd212000-7fe9bd216000 r--p 001bd000 08:01 2291                       /lib/x86_64-linux-gnu/libc-2.19.so
7fe9bd216000-7fe9bd218000 rw-p 001c1000 08:01 2291                       /lib/x86_64-linux-gnu/libc-2.19.so
7fe9bd218000-7fe9bd21d000 rw-p 00000000 00:00 0 
7fe9bd21d000-7fe9bd220000 r-xp 00000000 08:01 2185                       /lib/x86_64-linux-gnu/libdl-2.19.so
7fe9bd220000-7fe9bd41f000 ---p 00003000 08:01 2185                       /lib/x86_64-linux-gnu/libdl-2.19.so
7fe9bd41f000-7fe9bd420000 r--p 00002000 08:01 2185                       /lib/x86_64-linux-gnu/libdl-2.19.so
7fe9bd420000-7fe9bd421000 rw-p 00003000 08:01 2185                       /lib/x86_64-linux-gnu/libdl-2.19.so
7fe9bd421000-7fe9bd436000 r-xp 00000000 08:01 409445                     /usr/lib/jvm/java-8-oracle/lib/amd64/jli/libjli.so
7fe9bd436000-7fe9bd636000 ---p 00015000 08:01 409445                     /usr/lib/jvm/java-8-oracle/lib/amd64/jli/libjli.so
7fe9bd636000-7fe9bd637000 rw-p 00015000 08:01 409445                     /usr/lib/jvm/java-8-oracle/lib/amd64/jli/libjli.so
7fe9bd637000-7fe9bd650000 r-xp 00000000 08:01 2262                       /lib/x86_64-linux-gnu/libpthread-2.19.so
7fe9bd650000-7fe9bd84f000 ---p 00019000 08:01 2262                       /lib/x86_64-linux-gnu/libpthread-2.19.so
7fe9bd84f000-7fe9bd850000 r--p 00018000 08:01 2262                       /lib/x86_64-linux-gnu/libpthread-2.19.so
7fe9bd850000-7fe9bd851000 rw-p 00019000 08:01 2262                       /lib/x86_64-linux-gnu/libpthread-2.19.so
7fe9bd851000-7fe9bd855000 rw-p 00000000 00:00 0 
7fe9bd855000-7fe9bd878000 r-xp 00000000 08:01 2306                       /lib/x86_64-linux-gnu/ld-2.19.so
7fe9bd878000-7fe9bd879000 r--s 0000d000 08:01 67364                      /usr/share/java/commons-logging-1.1.3.jar
7fe9bd879000-7fe9bd87e000 r--s 00044000 08:01 67835                      /usr/share/java/commons-httpclient-3.1.jar
7fe9bd87e000-7fe9bd964000 rw-p 00000000 00:00 0 
7fe9bd964000-7fe9bd967000 ---p 00000000 00:00 0 
7fe9bd967000-7fe9bda69000 rw-p 00000000 00:00 0                          [stack:12412]
7fe9bda69000-7fe9bda6b000 r--s 0000a000 08:01 67535                      /usr/share/java/plexus-classworlds2-2.5.1.jar
7fe9bda6b000-7fe9bda73000 rw-s 00000000 08:01 417291                     /tmp/hsperfdata_vagrant/12401
7fe9bda73000-7fe9bda74000 rw-p 00000000 00:00 0 
7fe9bda74000-7fe9bda75000 ---p 00000000 00:00 0 
7fe9bda75000-7fe9bda77000 rw-p 00000000 00:00 0 
7fe9bda77000-7fe9bda78000 r--p 00022000 08:01 2306                       /lib/x86_64-linux-gnu/ld-2.19.so
7fe9bda78000-7fe9bda79000 rw-p 00023000 08:01 2306                       /lib/x86_64-linux-gnu/ld-2.19.so
7fe9bda79000-7fe9bda7a000 rw-p 00000000 00:00 0 
7ffd83d18000-7ffd83d39000 rw-p 00000000 00:00 0                          [stack]
7ffd83dae000-7ffd83db0000 r-xp 00000000 00:00 0                          [vdso]
ffffffffff600000-ffffffffff601000 r-xp 00000000 00:00 0                  [vsyscall]

VM Arguments:
jvm_args: -Dclassworlds.conf=/usr/share/maven/bin/m2.conf -Dmaven.home=/usr/share/maven 
java_command: org.codehaus.plexus.classworlds.launcher.Launcher clean install
java_class_path (initial): /usr/share/maven/boot/plexus-classworlds-2.x.jar
Launcher Type: SUN_STANDARD

Environment Variables:
JAVA_HOME=/usr/lib/jvm/java-8-oracle
PATH=/usr/local/sbin:/usr/local/bin:/usr/sbin:/usr/bin:/sbin:/bin:/usr/games:/usr/local/games:/usr/lib/jvm/java-8-oracle/bin:/usr/lib/jvm/java-8-oracle/db/bin:/usr/lib/jvm/java-8-oracle/jre/bin
SHELL=/bin/zsh
DISPLAY=:0.0

Signal Handlers:
SIGSEGV: [libjvm.so+0xac8af0], sa_mask[0]=11111111011111111101111111111110, sa_flags=SA_RESTART|SA_SIGINFO
SIGBUS: [libjvm.so+0xac8af0], sa_mask[0]=11111111011111111101111111111110, sa_flags=SA_RESTART|SA_SIGINFO
SIGFPE: [libjvm.so+0x921dd0], sa_mask[0]=11111111011111111101111111111110, sa_flags=SA_RESTART|SA_SIGINFO
SIGPIPE: [libjvm.so+0x921dd0], sa_mask[0]=11111111011111111101111111111110, sa_flags=SA_RESTART|SA_SIGINFO
SIGXFSZ: [libjvm.so+0x921dd0], sa_mask[0]=11111111011111111101111111111110, sa_flags=SA_RESTART|SA_SIGINFO
SIGILL: [libjvm.so+0x921dd0], sa_mask[0]=11111111011111111101111111111110, sa_flags=SA_RESTART|SA_SIGINFO
SIGUSR1: SIG_DFL, sa_mask[0]=00000000000000000000000000000000, sa_flags=none
SIGUSR2: [libjvm.so+0x923610], sa_mask[0]=00000000000000000000000000000000, sa_flags=SA_RESTART|SA_SIGINFO
SIGHUP: [libjvm.so+0x924a10], sa_mask[0]=11111111011111111101111111111110, sa_flags=SA_RESTART|SA_SIGINFO
SIGINT: [libjvm.so+0x924a10], sa_mask[0]=11111111011111111101111111111110, sa_flags=SA_RESTART|SA_SIGINFO
SIGTERM: [libjvm.so+0x924a10], sa_mask[0]=11111111011111111101111111111110, sa_flags=SA_RESTART|SA_SIGINFO
SIGQUIT: [libjvm.so+0x924a10], sa_mask[0]=11111111011111111101111111111110, sa_flags=SA_RESTART|SA_SIGINFO


---------------  S Y S T E M  ---------------

OS:DISTRIB_ID=Ubuntu
DISTRIB_RELEASE=14.04
DISTRIB_CODENAME=trusty
DISTRIB_DESCRIPTION="Ubuntu 14.04.5 LTS"

uname:Linux 3.13.0-119-generic #166-Ubuntu SMP Wed May 3 12:18:55 UTC 2017 x86_64
libc:glibc 2.19 NPTL 2.19 
rlimit: STACK 8192k, CORE 0k, NPROC 31455, NOFILE 4096, AS infinity
load average:0.42 0.30 0.34

/proc/meminfo:
MemTotal:        4048176 kB
MemFree:          108916 kB
Buffers:            4184 kB
Cached:           161692 kB
SwapCached:            0 kB
Active:          3685372 kB
Inactive:         122340 kB
Active(anon):    3643016 kB
Inactive(anon):    79188 kB
Active(file):      42356 kB
Inactive(file):    43152 kB
Unevictable:          32 kB
Mlocked:              32 kB
SwapTotal:             0 kB
SwapFree:              0 kB
Dirty:                44 kB
Writeback:             0 kB
AnonPages:       3642068 kB
Mapped:           134488 kB
Shmem:             80220 kB
Slab:              45376 kB
SReclaimable:      20568 kB
SUnreclaim:        24808 kB
KernelStack:        4384 kB
PageTables:        35108 kB
NFS_Unstable:          0 kB
Bounce:                0 kB
WritebackTmp:          0 kB
CommitLimit:     2024088 kB
Committed_AS:    7233684 kB
VmallocTotal:   34359738367 kB
VmallocUsed:       55132 kB
VmallocChunk:   34359661544 kB
HardwareCorrupted:     0 kB
AnonHugePages:   2224128 kB
HugePages_Total:       0
HugePages_Free:        0
HugePages_Rsvd:        0
HugePages_Surp:        0
Hugepagesize:       2048 kB
DirectMap4k:       63424 kB
DirectMap2M:     4130816 kB


CPU:total 2 (initial active 2) (2 cores per cpu, 1 threads per core) family 6 model 158 stepping 9, cmov, cx8, fxsr, mmx, sse, sse2, sse3, ssse3, sse4.1, sse4.2, popcnt, avx, aes, clmul, 3dnowpref, lzcnt, tsc, tscinvbit

/proc/cpuinfo:
processor	: 0
vendor_id	: GenuineIntel
cpu family	: 6
model		: 158
model name	: Intel(R) Core(TM) i5-7300HQ CPU @ 2.50GHz
stepping	: 9
cpu MHz		: 2496.039
cache size	: 6144 KB
physical id	: 0
siblings	: 2
core id		: 0
cpu cores	: 2
apicid		: 0
initial apicid	: 0
fpu		: yes
fpu_exception	: yes
cpuid level	: 22
wp		: yes
flags		: fpu vme de pse tsc msr pae mce cx8 apic sep mtrr pge mca cmov pat pse36 clflush mmx fxsr sse sse2 ht syscall nx rdtscp lm constant_tsc rep_good nopl xtopology nonstop_tsc pni pclmulqdq ssse3 cx16 sse4_1 sse4_2 movbe popcnt aes xsave avx rdrand lahf_lm abm 3dnowprefetch rdseed
bogomips	: 4992.07
clflush size	: 64
cache_alignment	: 64
address sizes	: 39 bits physical, 48 bits virtual
power management:

processor	: 1
vendor_id	: GenuineIntel
cpu family	: 6
model		: 158
model name	: Intel(R) Core(TM) i5-7300HQ CPU @ 2.50GHz
stepping	: 9
cpu MHz		: 2496.039
cache size	: 6144 KB
physical id	: 0
siblings	: 2
core id		: 1
cpu cores	: 2
apicid		: 1
initial apicid	: 1
fpu		: yes
fpu_exception	: yes
cpuid level	: 22
wp		: yes
flags		: fpu vme de pse tsc msr pae mce cx8 apic sep mtrr pge mca cmov pat pse36 clflush mmx fxsr sse sse2 ht syscall nx rdtscp lm constant_tsc rep_good nopl xtopology nonstop_tsc pni pclmulqdq ssse3 cx16 sse4_1 sse4_2 movbe popcnt aes xsave avx rdrand lahf_lm abm 3dnowprefetch rdseed
bogomips	: 4992.07
clflush size	: 64
cache_alignment	: 64
address sizes	: 39 bits physical, 48 bits virtual
power management:



Memory: 4k page, physical 4048176k(108916k free), swap 0k(0k free)

vm_info: Java HotSpot(TM) 64-Bit Server VM (25.131-b11) for linux-amd64 JRE (1.8.0_131-b11), built on Mar 15 2017 01:23:40 by "java_re" with gcc 4.3.0 20080428 (Red Hat 4.3.0-8)

time: Sun Jun 11 11:31:14 2017
elapsed time: 4 seconds (0d 0h 0m 4s)

